<?xml version="1.0" encoding="UTF-8"?>
<!-- Generated by org.testng.reporters.JUnitReportReporter -->
<testsuite skipped="0" hostname="DHANASEKAR" name="org.base.LibGlobal" tests="1" failures="0" timestamp="20 Sep 2020 09:22:55 GMT" time="5.789" errors="0">
  <testcase name="ieDriver" time="5.789" classname="org.base.LibGlobal"/>
</testsuite> <!-- org.base.LibGlobal -->
